<?xml version="1.0" encoding="UTF-8"?>
<testng-results skipped="0" failed="0" ignored="0" total="1" passed="1">
  <reporter-output>
  </reporter-output>
  <suite name="Default suite" duration-ms="22328" started-at="2020-11-06T17:03:04Z" finished-at="2020-11-06T17:03:26Z">
    <groups>
    </groups>
    <test name="Default test" duration-ms="22328" started-at="2020-11-06T17:03:04Z" finished-at="2020-11-06T17:03:26Z">
      <class name="Attribute">
        <test-method status="PASS" signature="Register()[pri:0, instance:Attribute@8bd1b6a]" name="Register" duration-ms="22287" started-at="2020-11-06T17:03:04Z" description="method1" finished-at="2020-11-06T17:03:26Z">
          <reporter-output>
          </reporter-output>
        </test-method> <!-- Register -->
      </class> <!-- Attribute -->
    </test> <!-- Default test -->
  </suite> <!-- Default suite -->
</testng-results>
